<?xml version="1.0" encoding="UTF-8"?>
<testng-results ignored="0" total="4" passed="4" failed="0" skipped="0">
  <reporter-output>
  </reporter-output>
  <suite started-at="2026-06-09T10:06:53 IST" name="Default suite" finished-at="2026-06-09T10:07:31 IST" duration-ms="38264">
    <groups>
    </groups>
    <test started-at="2026-06-09T10:06:53 IST" name="Default test" finished-at="2026-06-09T10:07:31 IST" duration-ms="38264">
      <class name="com.Navigation.NavigationMethords">
        <test-method signature="NavigateTo()[pri:0, instance:com.Navigation.NavigationMethords@3754a4bf]" started-at="2026-06-09T10:06:53 IST" name="NavigateTo" finished-at="2026-06-09T10:06:59 IST" duration-ms="6571" status="PASS">
          <reporter-output>
          </reporter-output>
        </test-method> <!-- NavigateTo -->
        <test-method signature="Navigateback()[pri:1, instance:com.Navigation.NavigationMethords@3754a4bf]" started-at="2026-06-09T10:06:59 IST" name="Navigateback" finished-at="2026-06-09T10:07:06 IST" duration-ms="6117" status="PASS">
          <reporter-output>
          </reporter-output>
        </test-method> <!-- Navigateback -->
        <test-method signature="RefreshMethod()[pri:2, instance:com.Navigation.NavigationMethords@3754a4bf]" started-at="2026-06-09T10:07:06 IST" name="RefreshMethod" finished-at="2026-06-09T10:07:20 IST" duration-ms="14321" status="PASS">
          <reporter-output>
          </reporter-output>
        </test-method> <!-- RefreshMethod -->
        <test-method signature="NavigateForward()[pri:3, instance:com.Navigation.NavigationMethords@3754a4bf]" started-at="2026-06-09T10:07:20 IST" name="NavigateForward" finished-at="2026-06-09T10:07:31 IST" duration-ms="11200" status="PASS">
          <reporter-output>
          </reporter-output>
        </test-method> <!-- NavigateForward -->
      </class> <!-- com.Navigation.NavigationMethords -->
    </test> <!-- Default test -->
  </suite> <!-- Default suite -->
</testng-results>
