<?xml version="1.0" encoding="UTF-8"?>
<testng-results ignored="0" total="1" passed="1" failed="0" skipped="0">
  <reporter-output>
  </reporter-output>
  <suite started-at="2026-06-11T16:09:35 IST" name="Default suite" finished-at="2026-06-11T16:09:41 IST" duration-ms="6665">
    <groups>
    </groups>
    <test started-at="2026-06-11T16:09:35 IST" name="Default test" finished-at="2026-06-11T16:09:41 IST" duration-ms="6665">
      <class name="com.EasyCalculationsTestCases.ExecuteLoginPage">
        <test-method signature="CheckValidUser()[pri:0, instance:com.EasyCalculationsTestCases.ExecuteLoginPage@9816741]" started-at="2026-06-11T16:09:35 IST" name="CheckValidUser" finished-at="2026-06-11T16:09:41 IST" duration-ms="6446" status="PASS">
          <reporter-output>
          </reporter-output>
        </test-method> <!-- CheckValidUser -->
      </class> <!-- com.EasyCalculationsTestCases.ExecuteLoginPage -->
    </test> <!-- Default test -->
  </suite> <!-- Default suite -->
</testng-results>
