<?xml version="1.0" encoding="UTF-8"?>
<!-- Generated by org.testng.reporters.JUnitXMLReporter -->
<testsuite ignored="0" hostname="LP-HYD-85009868" failures="0" tests="4" name="Default test" time="38.264" errors="0" timestamp="2026-06-09T10:07:31 IST">
  <testcase classname="com.Navigation.NavigationMethords" name="NavigateTo" time="6.571"/>
  <testcase classname="com.Navigation.NavigationMethords" name="Navigateback" time="6.117"/>
  <testcase classname="com.Navigation.NavigationMethords" name="RefreshMethod" time="14.321"/>
  <testcase classname="com.Navigation.NavigationMethords" name="NavigateForward" time="11.2"/>
</testsuite> <!-- Default test -->
