<?xml version="1.0" encoding="UTF-8"?>
<testng-results ignored="0" total="1" passed="1" failed="0" skipped="0">
  <reporter-output>
  </reporter-output>
  <suite started-at="2026-06-10T14:55:48 IST" name="Default suite" finished-at="2026-06-10T14:56:26 IST" duration-ms="38017">
    <groups>
    </groups>
    <test started-at="2026-06-10T14:55:48 IST" name="Default test" finished-at="2026-06-10T14:56:26 IST" duration-ms="38017">
      <class name="com.Actions.ActionsTestDemo">
        <test-method signature="Frames()[pri:0, instance:com.Actions.ActionsTestDemo@28701274]" started-at="2026-06-10T14:55:48 IST" name="Frames" finished-at="2026-06-10T14:56:26 IST" duration-ms="37974" status="PASS">
          <reporter-output>
          </reporter-output>
        </test-method> <!-- Frames -->
      </class> <!-- com.Actions.ActionsTestDemo -->
    </test> <!-- Default test -->
  </suite> <!-- Default suite -->
</testng-results>
