<?xml version="1.0" encoding="UTF-8"?>
<testng-results ignored="0" total="1" passed="1" failed="0" skipped="0">
  <reporter-output>
  </reporter-output>
  <suite started-at="2026-06-09T18:11:37 IST" name="Default suite" finished-at="2026-06-09T18:11:44 IST" duration-ms="6660">
    <groups>
    </groups>
    <test started-at="2026-06-09T18:11:37 IST" name="Default test" finished-at="2026-06-09T18:11:44 IST" duration-ms="6660">
      <class name="com.assignment.CaseStudy1">
        <test-method is-config="true" signature="Setup()[pri:0, instance:com.assignment.CaseStudy1@1a677343]" started-at="2026-06-09T18:11:37 IST" name="Setup" finished-at="2026-06-09T18:11:43 IST" duration-ms="6208" status="PASS">
          <reporter-output>
          </reporter-output>
        </test-method> <!-- Setup -->
        <test-method signature="case1()[pri:0, instance:com.assignment.CaseStudy1@1a677343]" started-at="2026-06-09T18:11:43 IST" name="case1" finished-at="2026-06-09T18:11:43 IST" duration-ms="51" status="PASS">
          <reporter-output>
          </reporter-output>
        </test-method> <!-- case1 -->
        <test-method is-config="true" signature="close()[pri:0, instance:com.assignment.CaseStudy1@1a677343]" started-at="2026-06-09T18:11:43 IST" name="close" finished-at="2026-06-09T18:11:44 IST" duration-ms="318" status="PASS">
          <reporter-output>
          </reporter-output>
        </test-method> <!-- close -->
      </class> <!-- com.assignment.CaseStudy1 -->
    </test> <!-- Default test -->
  </suite> <!-- Default suite -->
</testng-results>
