<?xml version="1.0" encoding="UTF-8"?>
<testng-results ignored="0" total="1" passed="1" failed="0" skipped="0">
  <reporter-output>
  </reporter-output>
  <suite started-at="2026-06-10T11:51:58 IST" name="Default suite" finished-at="2026-06-10T11:52:13 IST" duration-ms="14221">
    <groups>
    </groups>
    <test started-at="2026-06-10T11:51:58 IST" name="Default test" finished-at="2026-06-10T11:52:13 IST" duration-ms="14221">
      <class name="com.RadioButton.RadioButtonTest">
        <test-method signature="setUp()[pri:0, instance:com.RadioButton.RadioButtonTest@36fc695d]" started-at="2026-06-10T11:51:58 IST" name="setUp" finished-at="2026-06-10T11:52:13 IST" duration-ms="14162" status="PASS">
          <reporter-output>
          </reporter-output>
        </test-method> <!-- setUp -->
      </class> <!-- com.RadioButton.RadioButtonTest -->
    </test> <!-- Default test -->
  </suite> <!-- Default suite -->
</testng-results>
