<?xml version="1.0" encoding="UTF-8"?>
<testng-results ignored="0" total="1" passed="1" failed="0" skipped="0">
  <reporter-output>
  </reporter-output>
  <suite started-at="2026-06-10T14:26:10 IST" name="Default suite" finished-at="2026-06-10T14:26:51 IST" duration-ms="41415">
    <groups>
    </groups>
    <test started-at="2026-06-10T14:26:10 IST" name="Default test" finished-at="2026-06-10T14:26:51 IST" duration-ms="41415">
      <class name="com.MultipleFrames.MultipleFramesTestDemo">
        <test-method signature="Frames()[pri:0, instance:com.MultipleFrames.MultipleFramesTestDemo@28701274]" started-at="2026-06-10T14:26:10 IST" name="Frames" finished-at="2026-06-10T14:26:51 IST" duration-ms="41372" status="PASS">
          <reporter-output>
          </reporter-output>
        </test-method> <!-- Frames -->
      </class> <!-- com.MultipleFrames.MultipleFramesTestDemo -->
    </test> <!-- Default test -->
  </suite> <!-- Default suite -->
</testng-results>
