<?xml version="1.0" encoding="UTF-8"?>
<!-- Generated by org.testng.reporters.JUnitReportReporter -->
<testsuite hostname="LP-HYD-85009868" failures="0" tests="9" name="com.SeleniumTestWebsite.LaunchChromeBrowser" time="82.657" errors="0" timestamp="2026-06-08T15:43:32 IST" skipped="0">
  <testcase classname="com.SeleniumTestWebsite.LaunchChromeBrowser" name="ChromeBrowserTest" time="7.707"/>
  <testcase classname="com.SeleniumTestWebsite.LaunchChromeBrowser" name="ChromeBrowserTest1" time="5.189"/>
  <testcase classname="com.SeleniumTestWebsite.LaunchChromeBrowser" name="ChromeBrowserTest2" time="6.056"/>
  <testcase classname="com.SeleniumTestWebsite.LaunchChromeBrowser" name="ChromeBrowserTest3" time="9.771"/>
  <testcase classname="com.SeleniumTestWebsite.LaunchChromeBrowser" name="ChromeBrowserTest4" time="7.113"/>
  <testcase classname="com.SeleniumTestWebsite.LaunchChromeBrowser" name="ChromeBrowserTest5" time="11.346"/>
  <testcase classname="com.SeleniumTestWebsite.LaunchChromeBrowser" name="ChromeBrowserTest6" time="18.006"/>
  <testcase classname="com.SeleniumTestWebsite.LaunchChromeBrowser" name="ChromeBrowserTest7" time="9.575"/>
  <testcase classname="com.SeleniumTestWebsite.LaunchChromeBrowser" name="ChromeBrowserTest8" time="7.894"/>
</testsuite> <!-- com.SeleniumTestWebsite.LaunchChromeBrowser -->
