<?xml version="1.0" encoding="UTF-8"?>
<!-- Generated by org.testng.reporters.JUnitReportReporter -->
<testsuite hostname="LP-HYD-85009868" failures="0" tests="9" name="com.SeleniumTestWebsite.LaunchFirefoxBrowser" time="133.426" errors="0" timestamp="2026-06-08T16:06:54 IST" skipped="0">
  <testcase classname="com.SeleniumTestWebsite.LaunchFirefoxBrowser" name="FirefoxBrowserTest" time="10.553"/>
  <testcase classname="com.SeleniumTestWebsite.LaunchFirefoxBrowser" name="FirefoxBrowserTest1" time="6.655"/>
  <testcase classname="com.SeleniumTestWebsite.LaunchFirefoxBrowser" name="FirefoxBrowserTest2" time="10.245"/>
  <testcase classname="com.SeleniumTestWebsite.LaunchFirefoxBrowser" name="FirefoxBrowserTest3" time="19.155"/>
  <testcase classname="com.SeleniumTestWebsite.LaunchFirefoxBrowser" name="FirefoxBrowserTest4" time="15.222"/>
  <testcase classname="com.SeleniumTestWebsite.LaunchFirefoxBrowser" name="FirefoxBrowserTest5" time="17.297"/>
  <testcase classname="com.SeleniumTestWebsite.LaunchFirefoxBrowser" name="FirefoxBrowserTest6" time="18.958"/>
  <testcase classname="com.SeleniumTestWebsite.LaunchFirefoxBrowser" name="FirefoxBrowserTest7" time="15.163"/>
  <testcase classname="com.SeleniumTestWebsite.LaunchFirefoxBrowser" name="FirefoxBrowserTest8" time="20.178"/>
</testsuite> <!-- com.SeleniumTestWebsite.LaunchFirefoxBrowser -->
