<?xml version="1.0" encoding="UTF-8"?>
<!-- Generated by org.testng.reporters.JUnitXMLReporter -->
<testsuite ignored="0" hostname="LP-HYD-85009868" failures="0" tests="9" name="Default test" time="65.972" errors="0" timestamp="2026-06-08T16:18:43 IST">
  <testcase classname="com.SeleniumTestWebsite.LaunchEdgeBrowser" name="EdgeBrowserTest" time="7.779"/>
  <testcase classname="com.SeleniumTestWebsite.LaunchEdgeBrowser" name="EdgeBrowserTest1" time="4.955"/>
  <testcase classname="com.SeleniumTestWebsite.LaunchEdgeBrowser" name="EdgeBrowserTest2" time="5.68"/>
  <testcase classname="com.SeleniumTestWebsite.LaunchEdgeBrowser" name="EdgeBrowserTest3" time="10.172"/>
  <testcase classname="com.SeleniumTestWebsite.LaunchEdgeBrowser" name="EdgeBrowserTest4" time="5.654"/>
  <testcase classname="com.SeleniumTestWebsite.LaunchEdgeBrowser" name="EdgeBrowserTest5" time="6.98"/>
  <testcase classname="com.SeleniumTestWebsite.LaunchEdgeBrowser" name="EdgeBrowserTest6" time="11.787"/>
  <testcase classname="com.SeleniumTestWebsite.LaunchEdgeBrowser" name="EdgeBrowserTest7" time="5.708"/>
  <testcase classname="com.SeleniumTestWebsite.LaunchEdgeBrowser" name="EdgeBrowserTest8" time="7.149"/>
</testsuite> <!-- Default test -->
