<?xml version="1.0" encoding="UTF-8"?>
<testng-results ignored="0" total="1" passed="1" failed="0" skipped="0">
  <reporter-output>
  </reporter-output>
  <suite started-at="2026-06-11T11:48:40 IST" name="Default suite" finished-at="2026-06-11T11:48:52 IST" duration-ms="11425">
    <groups>
    </groups>
    <test started-at="2026-06-11T11:48:40 IST" name="Default test" finished-at="2026-06-11T11:48:52 IST" duration-ms="11425">
      <class name="com.screenshots.Screenshot">
        <test-method signature="setup()[pri:0, instance:com.screenshots.Screenshot@5bf0d49]" started-at="2026-06-11T11:48:40 IST" name="setup" finished-at="2026-06-11T11:48:52 IST" duration-ms="11327" status="PASS">
          <reporter-output>
          </reporter-output>
        </test-method> <!-- setup -->
      </class> <!-- com.screenshots.Screenshot -->
    </test> <!-- Default test -->
  </suite> <!-- Default suite -->
</testng-results>
