<?xml version="1.0" encoding="UTF-8"?>
<!-- Generated by org.testng.reporters.JUnitReportReporter -->
<testsuite hostname="LP-HYD-85009868" failures="0" tests="4" name="com.Navigation.NavigationMethords" time="38.209" errors="0" timestamp="2026-06-09T10:07:31 IST" skipped="0">
  <testcase classname="com.Navigation.NavigationMethords" name="NavigateTo" time="6.571"/>
  <testcase classname="com.Navigation.NavigationMethords" name="Navigateback" time="6.117"/>
  <testcase classname="com.Navigation.NavigationMethords" name="RefreshMethod" time="14.321"/>
  <testcase classname="com.Navigation.NavigationMethords" name="NavigateForward" time="11.200"/>
</testsuite> <!-- com.Navigation.NavigationMethords -->
